<?xml version="1.0" encoding="UTF-8"?>
<!-- Generated by org.testng.reporters.JUnitXMLReporter -->
<testsuite hostname="amits-MacBook-Pro.local" name="Default test" tests="2" failures="0" timestamp="24 Aug 2016 00:11:26 GMT" time="0.777" errors="0">
  <testcase name="testHeaderContentType" time="0.008" classname="com.ip.rest1.automationHTTPRestApi.HttpClientRestAutomation"/>
  <testcase name="testStatuscode" time="0.009" classname="com.ip.rest1.automationHTTPRestApi.HttpClientRestAutomation"/>
</testsuite> <!-- Default test -->
